make all --print-data-base --no-builtin-variables --no-builtin-rules --question
# GNU Make 4.3
# Built for x86_64-pc-linux-gnu
# Copyright (C) 1988-2020 Free Software Foundation, Inc.
# License GPLv3+: GNU GPL version 3 or later <http://gnu.org/licenses/gpl.html>
# This is free software: you are free to change and redistribute it.
# There is NO WARRANTY, to the extent permitted by law.
 

# Make data base, printed on Tue Jul 19 15:02:07 2022

# Variables

# environment
LC_ALL = C
# environment
ERL_AFLAGS = -kernel shell_history enabled
# environment
PULSE_SERVER = /mnt/wslg/PulseServer
# environment
WSLENV = VSCODE_WSL_EXT_LOCATION/up
# makefile (from 'Makefile', line 25)
BUNDLE_METADATA_OPTS = $(BUNDLE_CHANNELS) $(BUNDLE_DEFAULT_CHANNEL)
# environment
VSCODE_CWD = /mnt/c/Users/andre/scoop/apps/vscode/1.69.1
# environment
CLOUDSDK_ROOT_DIR = /opt/google-cloud-sdk
# default
MAKE_COMMAND := make
# environment
VSCODE_HANDLES_SIGPIPE = true
# environment
GOPATH = /home/addem/.go
# automatic
@D = $(patsubst %/,%,$(dir $@))
# environment
NODE_ENV = development
# environment
VSCODE_HANDLES_UNCAUGHT_ERRORS = true
# default
.VARIABLES := 
# environment
PWD = /home/addem/github.com/grafana-operator/grafana-operator-experimental
# automatic
%D = $(patsubst %/,%,$(dir $%))
# environment
LSCOLORS = exfxcxdxbxbxbxbxbxbxbx
# environment
OLDPWD = /mnt/c/Users/andre/scoop/apps/vscode/1.69.1
# automatic
^D = $(patsubst %/,%,$(dir $^))
# automatic
%F = $(notdir $%)
# makefile (from 'Makefile', line 36)
BUNDLE_IMG = $(IMAGE_TAG_BASE)-bundle:v$(VERSION)
# environment
LANG = C
# default
.LOADED := 
# default
.INCLUDE_DIRS = /usr/include /usr/local/include /usr/include
# makefile
MAKEFLAGS = pqrR
# environment
KUBECONFIG = /home/addem/.kube/config
# makefile
CURDIR := /home/addem/github.com/grafana-operator/grafana-operator-experimental
# environment
APPLICATION_INSIGHTS_NO_DIAGNOSTIC_CHANNEL = true
# automatic
*D = $(patsubst %/,%,$(dir $*))
# makefile (from 'Makefile', line 6)
VERSION = 0.0.1
# environment
MFLAGS = -pqrR
# makefile (from 'Makefile', line 54)
.SHELLFLAGS = -ec
# environment
CLOUDSDK_PYTHON = /usr/bin/python
# environment
WAYLAND_DISPLAY = wayland-0
# automatic
+D = $(patsubst %/,%,$(dir $+))
# makefile (from 'Makefile', line 1)
MAKEFILE_LIST := Makefile
# automatic
@F = $(notdir $@)
# environment
ZSH = /home/addem/.oh-my-zsh
# environment
MOZ_ENABLE_WAYLAND = 1
# automatic
?D = $(patsubst %/,%,$(dir $?))
# makefile (from 'Makefile', line 32)
IMAGE_TAG_BASE = integreatly.org/grafana-operator-experimental
# makefile (from 'Makefile', line 134)
PROJECT_DIR := /home/addem/github.com/grafana-operator/grafana-operator-experimental
# automatic
*F = $(notdir $*)
# makefile (from 'Makefile', line 180)
CATALOG_IMG = $(IMAGE_TAG_BASE)-catalog:v$(VERSION)
# automatic
<D = $(patsubst %/,%,$(dir $<))
# makefile (from 'Makefile', line 121)
CONTROLLER_GEN = $(shell pwd)/bin/controller-gen
# environment
VSCODE_NLS_CONFIG = {"locale":"en","availableLanguages":{}}
# default
MAKE_HOST := x86_64-pc-linux-gnu
# makefile (from 'Makefile', line 53)
SHELL = /usr/bin/env bash -o pipefail
# default
MAKECMDGOALS := all
# environment
DENO_INSTALL = /home/addem/.deno
# environment
SHLVL = 2
# environment
GOOGLE_CLOUD_SDK_HOME = /opt/google-cloud-sdk
# environment
MAKELEVEL := 0
# default
MAKE = $(MAKE_COMMAND)
# environment
PATH = /home/addem/.vscode-server/bin/b06ae3b2d2dbfe28bca3134cc6be65935cdfea6a/bin/remote-cli:/home/addem/.nix-profile/bin:/nix/var/nix/profiles/default/bin:/opt/google-cloud-sdk/bin:/usr/local/sbin:/usr/local/bin:/usr/sbin:/usr/bin:/sbin:/bin:/usr/games:/usr/local/games:/usr/lib/wsl/lib:/mnt/c/WINDOWS/system32:/mnt/c/WINDOWS:/mnt/c/WINDOWS/System32/Wbem:/mnt/c/WINDOWS/System32/WindowsPowerShell/v1.0/:/mnt/c/WINDOWS/System32/OpenSSH/:/mnt/c/Program Files/Docker/Docker/resources/bin:/mnt/c/ProgramData/DockerDesktop/version-bin:/mnt/c/Program Files (x86)/Tailscale IPN:/mnt/c/Users/andre/scoop/apps/vscode/current/bin:/mnt/c/Users/andre/scoop/shims:/mnt/c/Users/andre/AppData/Local/Microsoft/WindowsApps:/usr/bin/site_perl:/usr/bin/vendor_perl:/usr/bin/core_perl:/home/addem/.bin:/home/addem/.local/bin:/home/addem/.go/bin:/home/addem/.cabal/bin:/home/addem/.cargo/bin:/home/addem/.node_modules/bin:/home/addem/.deno/bin:/home/addem/.krew/bin:/home/addem/.istioctl/bin
# makefile (from 'Makefile', line 125)
KUSTOMIZE = $(shell pwd)/bin/kustomize
# environment
NIX_SSL_CERT_FILE = /etc/ssl/certs/ca-certificates.crt
# default
MAKEFILES := 
# automatic
^F = $(notdir $^)
# environment
VIRTUAL_ENV_DISABLE_PROMPT = 1
# makefile (from 'Makefile', line 41)
ENVTEST_K8S_VERSION = 1.22
# makefile (from 'Makefile', line 177)
BUNDLE_IMGS = $(BUNDLE_IMG)
# makefile (from 'Makefile', line 45)
GOBIN = $(shell go env GOPATH)/bin
# environment
_JAVA_AWT_WM_NONREPARENTING = 1
# automatic
?F = $(notdir $?)
# environment
NAME = LAPTOP-EK7DRJB8
# environment
XDG_CURRENT_DESKTOP = sway
# makefile (from 'Makefile', line 39)
IMG = controller:latest
# environment
HOSTTYPE = x86_64
# environment
LS_COLORS = di=34;40:ln=35;40:so=32;40:pi=33;40:ex=31;40:bd=31;40:cd=31;40:su=31;40:sg=31;40:tw=31;40:ow=31;40:
# automatic
+F = $(notdir $+)
# environment
WLR_DRM_NO_MODIFIERS = 1
# environment
LESS = -R
# environment
WSL_INTEROP = /run/WSL/31_interop
# 'override' directive
GNUMAKEFLAGS := 
# environment
LOGNAME = addem
# environment
VSCODE_WSL_EXT_LOCATION = /mnt/c/Users/andre/scoop/apps/vscode/1.69.1/data/extensions/ms-vscode-remote.remote-wsl-0.66.3
# makefile
.DEFAULT_GOAL := all
# environment
EDITOR = helix
# environment
DISPLAY = :0
# environment
USER = addem
# default
MAKE_VERSION := 4.3
# 'override' directive
.SHELLSTATUS := 1
# environment
NIX_PROFILES = /nix/var/nix/profiles/default /home/addem/.nix-profile
# makefile (from 'Makefile', line 135)
go-install-tool = @[ -f $(1) ] || { set -e ; echo "Downloading $(2) into $(PROJECT_DIR)/bin" ; GOBIN=$(PROJECT_DIR)/bin go install $(2) ; }
# makefile (from 'Makefile', line 159)
OPM = ./bin/opm
# environment
PAGER = less
# environment
_ = /usr/sbin/make
# environment
XDG_RUNTIME_DIR = /mnt/wslg/runtime-dir
# environment
COLORTERM = truecolor
# environment
VSCODE_IPC_HOOK_CLI = /mnt/wslg/runtime-dir/vscode-ipc-110d90cb-e349-40b3-8c1f-e2d77da56408.sock
# environment
NODE_PATH = /home/addem/.node_modules:/usr/lib/node_modules:
# environment
GOMODCACHE = /home/addem/.go/pkg/mod
# environment
VISUAL = helix
# environment
VSCODE_AMD_ENTRYPOINT = vs/workbench/api/node/extensionHostProcess
# environment
HOME = /home/addem
# environment
CLOUDSDK_PYTHON_ARGS = -S
# environment
PIPENV_SHELL_FANCY = 1
# makefile (from 'Makefile', line 129)
ENVTEST = $(shell pwd)/bin/setup-envtest
# environment
ELECTRON_RUN_AS_NODE = 1
# environment
TERM = xterm-direct256
# environment
GOPROXY = https://proxy.golang.org,direct
# default
.RECIPEPREFIX := 
# automatic
<F = $(notdir $<)
# default
SUFFIXES := 
# environment
WSL_DISTRO_NAME = Arch
# default
.FEATURES := target-specific order-only second-expansion else-if shortest-stem undefine oneshell nocomment grouped-target extra-prereqs archives jobserver output-sync check-symlink guile load
# environment
REACT_EDITOR = helix
# variable set hash-table stats:
# Load=109/1024=11%, Rehash=0, Collisions=4/175=2%

# Pattern-specific Variable Values

# No pattern-specific variable values.

# Directories

# . (device 2080, inode 705195): 18 files, no impossibilities.

# 18 files, no impossibilities in 1 directories.

# Implicit Rules

# No implicit rules.

# Files

deploy: manifests kustomize
#  Implicit rule search has not been done.
#  Modification time never checked.
#  File has not been updated.
#  recipe to execute (from 'Makefile', line 114):
	cd config/manager && $(KUSTOMIZE) edit set image controller=${IMG}
	$(KUSTOMIZE) build config/default | kubectl apply -f -

catalog-build: opm
#  Phony target (prerequisite of .PHONY).
#  Implicit rule search has not been done.
#  File does not exist.
#  File has not been updated.
#  recipe to execute (from 'Makefile', line 192):
	$(OPM) index add --container-tool docker --mode semver --tag $(CATALOG_IMG) --bundles $(BUNDLE_IMGS) $(FROM_INDEX_OPT)

opm:
#  Phony target (prerequisite of .PHONY).
#  Implicit rule search has not been done.
#  File does not exist.
#  File has not been updated.
#  recipe to execute (from 'Makefile', line 163):
	@{ \
	set -e ;\
	mkdir -p $(dir $(OPM)) ;\
	OS=$(shell go env GOOS) && ARCH=$(shell go env GOARCH) && \
	curl -sSLo $(OPM) https://github.com/operator-framework/operator-registry/releases/download/v1.15.1/$${OS}-$${ARCH}-opm ;\
	chmod +x $(OPM) ;\
	}

generate: controller-gen
#  Implicit rule search has not been done.
#  File does not exist.
#  File has been updated.
#  Needs to be updated (-q is set).
# variable set hash-table stats:
# Load=0/32=0%, Rehash=0, Collisions=0/11=0%
#  recipe to execute (from 'Makefile', line 80):
	$(CONTROLLER_GEN) object:headerFile="hack/boilerplate.go.txt" paths="./..."

bundle: manifests kustomize
#  Phony target (prerequisite of .PHONY).
#  Implicit rule search has not been done.
#  File does not exist.
#  File has not been updated.
#  recipe to execute (from 'Makefile', line 145):
	operator-sdk generate kustomize manifests -q
 
	cd config/manager && $(KUSTOMIZE) edit set image controller=$(IMG)
	$(KUSTOMIZE) build config/manifests | operator-sdk generate bundle -q --overwrite --version $(VERSION) $(BUNDLE_METADATA_OPTS)
	operator-sdk bundle validate ./bundle

undeploy:
#  Implicit rule search has not been done.
#  Modification time never checked.
#  File has not been updated.
#  recipe to execute (from 'Makefile', line 118):
	$(KUSTOMIZE) build config/default | kubectl delete -f -

# Not a target:
Makefile:
#  Implicit rule search has been done.
#  Last modified 2022-07-19 13:17:04.185934211
#  File has been updated.
#  Successfully updated.

kustomize:
#  Implicit rule search has not been done.
#  Modification time never checked.
#  File has not been updated.
#  recipe to execute (from 'Makefile', line 127):
	$(call go-install-tool,$(KUSTOMIZE),sigs.k8s.io/kustomize/kustomize/v4@v4.5.5)

uninstall: manifests kustomize
#  Implicit rule search has not been done.
#  Modification time never checked.
#  File has not been updated.
#  recipe to execute (from 'Makefile', line 111):
	$(KUSTOMIZE) build config/crd | kubectl delete -f -

envtest:
#  Implicit rule search has not been done.
#  Modification time never checked.
#  File has not been updated.
#  recipe to execute (from 'Makefile', line 131):
	$(call go-install-tool,$(ENVTEST),sigs.k8s.io/controller-runtime/tools/setup-envtest@latest)

# 'override' directive
controller-gen: .SHELLSTATUS := 0
controller-gen:
#  Implicit rule search has not been done.
#  Implicit/static pattern stem: ''
#  File does not exist.
#  File has been updated.
#  Needs to be updated (-q is set).
# automatic
# @ := controller-gen
# automatic
# * := 
# automatic
# < := 
# automatic
# + := 
# automatic
# % := 
# automatic
# ^ := 
# automatic
# ? := 
# automatic
# | := 
# variable set hash-table stats:
# Load=9/32=28%, Rehash=0, Collisions=2/20=10%
#  recipe to execute (from 'Makefile', line 123):
	$(call go-install-tool,$(CONTROLLER_GEN),sigs.k8s.io/controller-tools/cmd/controller-gen@v0.7.0)

bundle-build:
#  Phony target (prerequisite of .PHONY).
#  Implicit rule search has not been done.
#  File does not exist.
#  File has not been updated.
#  recipe to execute (from 'Makefile', line 152):
	docker build -f bundle.Dockerfile -t $(BUNDLE_IMG) .

fmt:
#  Implicit rule search has not been done.
#  Modification time never checked.
#  File has not been updated.
#  recipe to execute (from 'Makefile', line 83):
	go fmt ./...

bundle-push:
#  Phony target (prerequisite of .PHONY).
#  Implicit rule search has not been done.
#  File does not exist.
#  File has not been updated.
#  recipe to execute (from 'Makefile', line 156):
	$(MAKE) docker-push IMG=$(BUNDLE_IMG)

manifests: controller-gen
#  Implicit rule search has not been done.
#  Modification time never checked.
#  File has not been updated.
#  recipe to execute (from 'Makefile', line 77):
	$(CONTROLLER_GEN) rbac:roleName=manager-role crd webhook paths="./..." crd:maxDescLen=0,generateEmbeddedObjectMeta=false output:crd:artifacts:config=config/crd/bases

# Not a target:
.DEFAULT:
#  Implicit rule search has not been done.
#  Modification time never checked.
#  File has not been updated.

all: build
#  Command line target.
#  Implicit rule search has been done.
#  File does not exist.
#  File has been updated.
#  Needs to be updated (-q is set).
# variable set hash-table stats:
# Load=0/32=0%, Rehash=0, Collisions=0/11=0%

run: manifests generate fmt vet
#  Implicit rule search has not been done.
#  Modification time never checked.
#  File has not been updated.
#  recipe to execute (from 'Makefile', line 97):
	go run ./main.go

help:
#  Implicit rule search has not been done.
#  Modification time never checked.
#  File has not been updated.
#  recipe to execute (from 'Makefile', line 72):
	@awk 'BEGIN {FS = ":.*##"; printf "\nUsage:\n  make \033[36m<target>\033[0m\n"} /^[a-zA-Z_0-9-]+:.*?##/ { printf "  \033[36m%-15s\033[0m %s\n", $$1, $$2 } /^##@/ { printf "\n\033[1m%s\033[0m\n", substr($$0, 5) } ' $(MAKEFILE_LIST)

vet:
#  Implicit rule search has not been done.
#  Modification time never checked.
#  File has not been updated.
#  recipe to execute (from 'Makefile', line 86):
	go vet ./...

build: generate fmt vet
#  Implicit rule search has not been done.
#  File does not exist.
#  File has been updated.
#  Needs to be updated (-q is set).
# variable set hash-table stats:
# Load=0/32=0%, Rehash=0, Collisions=0/11=0%
#  recipe to execute (from 'Makefile', line 94):
	go build -o bin/manager main.go

test: manifests generate fmt vet envtest
#  Implicit rule search has not been done.
#  Modification time never checked.
#  File has not been updated.
#  recipe to execute (from 'Makefile', line 89):
	KUBEBUILDER_ASSETS="$(shell $(ENVTEST) use $(ENVTEST_K8S_VERSION) -p path)" go test ./... -coverprofile cover.out

docker-push:
#  Implicit rule search has not been done.
#  Modification time never checked.
#  File has not been updated.
#  recipe to execute (from 'Makefile', line 103):
	docker push ${IMG}

install: manifests kustomize
#  Implicit rule search has not been done.
#  Modification time never checked.
#  File has not been updated.
#  recipe to execute (from 'Makefile', line 108):
	$(KUSTOMIZE) build config/crd | kubectl apply -f -

docker-build: test
#  Implicit rule search has not been done.
#  Modification time never checked.
#  File has not been updated.
#  recipe to execute (from 'Makefile', line 100):
	docker build -t ${IMG} .

catalog-push:
#  Phony target (prerequisite of .PHONY).
#  Implicit rule search has not been done.
#  File does not exist.
#  File has not been updated.
#  recipe to execute (from 'Makefile', line 197):
	$(MAKE) docker-push IMG=$(CATALOG_IMG)

# Not a target:
.SUFFIXES:
#  Implicit rule search has not been done.
#  Modification time never checked.
#  File has not been updated.

.PHONY: bundle bundle-build bundle-push opm catalog-build catalog-push
#  Implicit rule search has not been done.
#  Modification time never checked.
#  File has not been updated.

# files hash-table stats:
# Load=28/1024=3%, Rehash=0, Collisions=0/86=0%
# VPATH Search Paths

# No 'vpath' search paths.

# No general ('VPATH' variable) search path.

# strcache buffers: 1 (0) / strings = 47 / storage = 399 B / avg = 8 B
 
# current buf: size = 8162 B / used = 399 B / count = 47 / avg = 8 B

# strcache performance: lookups = 119 / hit rate = 60%
# hash-table stats:
# Load=47/8192=1%, Rehash=0, Collisions=0/119=0%
# Finished Make data base on Tue Jul 19 15:02:07 2022

 
